<?xml version="1.0" encoding="UTF-8"?>
<testsuites>
  <testsuite name="fastlane.lanes">
    
    
    
      
      <testcase classname="fastlane.lanes" name="0: default_platform" time="0.0032227">
        
      </testcase>
    
      
      <testcase classname="fastlane.lanes" name="1: sdkmanager --install &quot;system-images;android-30;google_apis_playstore;x86&quot;" time="7.408134">
        
      </testcase>
    
      
      <testcase classname="fastlane.lanes" name="2: sdkmanager --install &quot;system-images;android-22;google_apis;x86&quot;" time="6.8141">
        
      </testcase>
    
      
      <testcase classname="fastlane.lanes" name="3:  sdkmanager --install &quot;system-images;android-28;google_apis_playstore;x86&quot;" time="7.5412543">
        
      </testcase>
    
      
      <testcase classname="fastlane.lanes" name="4: automated_test_emulator_run" time="0.0038003">
        
          <failure message="C:/Ruby31-x64/lib/ruby/gems/3.1.0/gems/fastlane-2.205.2/fastlane/lib/fastlane/actions/actions_helper.rb:67:in `execute_action&apos;&#10;C:/Ruby31-x64/lib/ruby/gems/3.1.0/gems/fastlane-2.205.2/fastlane/lib/fastlane/runner.rb:255:in `block in execute_action&apos;&#10;C:/Ruby31-x64/lib/ruby/gems/3.1.0/gems/fastlane-2.205.2/fastlane/lib/fastlane/runner.rb:229:in `chdir&apos;&#10;C:/Ruby31-x64/lib/ruby/gems/3.1.0/gems/fastlane-2.205.2/fastlane/lib/fastlane/runner.rb:229:in `execute_action&apos;&#10;C:/Ruby31-x64/lib/ruby/gems/3.1.0/gems/fastlane-2.205.2/fastlane/lib/fastlane/runner.rb:157:in `trigger_action_by_name&apos;&#10;C:/Ruby31-x64/lib/ruby/gems/3.1.0/gems/fastlane-2.205.2/fastlane/lib/fastlane/fast_file.rb:159:in `method_missing&apos;&#10;Fastfile:19:in `run_test_on_emulator&apos;&#10;Fastfile:41:in `block (2 levels) in parsing_binding&apos;&#10;C:/Ruby31-x64/lib/ruby/gems/3.1.0/gems/fastlane-2.205.2/fastlane/lib/fastlane/lane.rb:33:in `call&apos;&#10;C:/Ruby31-x64/lib/ruby/gems/3.1.0/gems/fastlane-2.205.2/fastlane/lib/fastlane/runner.rb:49:in `block in execute&apos;&#10;C:/Ruby31-x64/lib/ruby/gems/3.1.0/gems/fastlane-2.205.2/fastlane/lib/fastlane/runner.rb:45:in `chdir&apos;&#10;C:/Ruby31-x64/lib/ruby/gems/3.1.0/gems/fastlane-2.205.2/fastlane/lib/fastlane/runner.rb:45:in `execute&apos;&#10;C:/Ruby31-x64/lib/ruby/gems/3.1.0/gems/fastlane-2.205.2/fastlane/lib/fastlane/lane_manager.rb:47:in `cruise_lane&apos;&#10;C:/Ruby31-x64/lib/ruby/gems/3.1.0/gems/fastlane-2.205.2/fastlane/lib/fastlane/command_line_handler.rb:36:in `handle&apos;&#10;C:/Ruby31-x64/lib/ruby/gems/3.1.0/gems/fastlane-2.205.2/fastlane/lib/fastlane/commands_generator.rb:110:in `block (2 levels) in run&apos;&#10;C:/Ruby31-x64/lib/ruby/gems/3.1.0/gems/commander-4.6.0/lib/commander/command.rb:187:in `call&apos;&#10;C:/Ruby31-x64/lib/ruby/gems/3.1.0/gems/commander-4.6.0/lib/commander/command.rb:157:in `run&apos;&#10;C:/Ruby31-x64/lib/ruby/gems/3.1.0/gems/commander-4.6.0/lib/commander/runner.rb:444:in `run_active_command&apos;&#10;C:/Ruby31-x64/lib/ruby/gems/3.1.0/gems/fastlane-2.205.2/fastlane_core/lib/fastlane_core/ui/fastlane_runner.rb:124:in `run!&apos;&#10;C:/Ruby31-x64/lib/ruby/gems/3.1.0/gems/commander-4.6.0/lib/commander/delegates.rb:18:in `run!&apos;&#10;C:/Ruby31-x64/lib/ruby/gems/3.1.0/gems/fastlane-2.205.2/fastlane/lib/fastlane/commands_generator.rb:354:in `run&apos;&#10;C:/Ruby31-x64/lib/ruby/gems/3.1.0/gems/fastlane-2.205.2/fastlane/lib/fastlane/commands_generator.rb:43:in `start&apos;&#10;C:/Ruby31-x64/lib/ruby/gems/3.1.0/gems/fastlane-2.205.2/fastlane/lib/fastlane/cli_tools_distributor.rb:122:in `take_off&apos;&#10;C:/Ruby31-x64/lib/ruby/gems/3.1.0/gems/fastlane-2.205.2/bin/fastlane:23:in `&lt;top (required)&gt;&apos;&#10;C:/Ruby31-x64/bin/fastlane:25:in `load&apos;&#10;C:/Ruby31-x64/bin/fastlane:25:in `&lt;main&gt;&apos;&#10;&#10;No such file or directory - /dev/null" />
        
      </testcase>
    
      
      <testcase classname="fastlane.lanes" name="5: Switch to android notifyFailure lane" time="0.0017741">
        
      </testcase>
    
      
      <testcase classname="fastlane.lanes" name="6: cd ../ &amp;&amp; rm -r app/build/reports/androidTests/connected/flavors/prod/js" time="0.1212068">
        
          <failure message="C:/Ruby31-x64/lib/ruby/gems/3.1.0/gems/fastlane-2.205.2/fastlane/lib/fastlane/actions/actions_helper.rb:67:in `execute_action&apos;&#10;C:/Ruby31-x64/lib/ruby/gems/3.1.0/gems/fastlane-2.205.2/fastlane/lib/fastlane/fast_file.rb:222:in `sh&apos;&#10;C:/Ruby31-x64/lib/ruby/gems/3.1.0/gems/fastlane-2.205.2/fastlane/lib/fastlane/fast_file.rb:216:in `sh&apos;&#10;Fastfile:56:in `sendMailWithTestReport&apos;&#10;Fastfile:84:in `block (2 levels) in parsing_binding&apos;&#10;C:/Ruby31-x64/lib/ruby/gems/3.1.0/gems/fastlane-2.205.2/fastlane/lib/fastlane/lane.rb:33:in `call&apos;&#10;C:/Ruby31-x64/lib/ruby/gems/3.1.0/gems/fastlane-2.205.2/fastlane/lib/fastlane/runner.rb:204:in `try_switch_to_lane&apos;&#10;C:/Ruby31-x64/lib/ruby/gems/3.1.0/gems/fastlane-2.205.2/fastlane/lib/fastlane/runner.rb:146:in `trigger_action_by_name&apos;&#10;C:/Ruby31-x64/lib/ruby/gems/3.1.0/gems/fastlane-2.205.2/fastlane/lib/fastlane/fast_file.rb:159:in `method_missing&apos;&#10;Fastfile:7:in `block (3 levels) in parsing_binding&apos;&#10;C:/Ruby31-x64/lib/ruby/gems/3.1.0/gems/fastlane-2.205.2/fastlane/lib/fastlane/runner.rb:63:in `block in execute&apos;&#10;C:/Ruby31-x64/lib/ruby/gems/3.1.0/gems/fastlane-2.205.2/fastlane/lib/fastlane/runner.rb:59:in `chdir&apos;&#10;C:/Ruby31-x64/lib/ruby/gems/3.1.0/gems/fastlane-2.205.2/fastlane/lib/fastlane/runner.rb:59:in `rescue in execute&apos;&#10;C:/Ruby31-x64/lib/ruby/gems/3.1.0/gems/fastlane-2.205.2/fastlane/lib/fastlane/runner.rb:44:in `execute&apos;&#10;C:/Ruby31-x64/lib/ruby/gems/3.1.0/gems/fastlane-2.205.2/fastlane/lib/fastlane/lane_manager.rb:47:in `cruise_lane&apos;&#10;C:/Ruby31-x64/lib/ruby/gems/3.1.0/gems/fastlane-2.205.2/fastlane/lib/fastlane/command_line_handler.rb:36:in `handle&apos;&#10;C:/Ruby31-x64/lib/ruby/gems/3.1.0/gems/fastlane-2.205.2/fastlane/lib/fastlane/commands_generator.rb:110:in `block (2 levels) in run&apos;&#10;C:/Ruby31-x64/lib/ruby/gems/3.1.0/gems/commander-4.6.0/lib/commander/command.rb:187:in `call&apos;&#10;C:/Ruby31-x64/lib/ruby/gems/3.1.0/gems/commander-4.6.0/lib/commander/command.rb:157:in `run&apos;&#10;C:/Ruby31-x64/lib/ruby/gems/3.1.0/gems/commander-4.6.0/lib/commander/runner.rb:444:in `run_active_command&apos;&#10;C:/Ruby31-x64/lib/ruby/gems/3.1.0/gems/fastlane-2.205.2/fastlane_core/lib/fastlane_core/ui/fastlane_runner.rb:124:in `run!&apos;&#10;C:/Ruby31-x64/lib/ruby/gems/3.1.0/gems/commander-4.6.0/lib/commander/delegates.rb:18:in `run!&apos;&#10;C:/Ruby31-x64/lib/ruby/gems/3.1.0/gems/fastlane-2.205.2/fastlane/lib/fastlane/commands_generator.rb:354:in `run&apos;&#10;C:/Ruby31-x64/lib/ruby/gems/3.1.0/gems/fastlane-2.205.2/fastlane/lib/fastlane/commands_generator.rb:43:in `start&apos;&#10;C:/Ruby31-x64/lib/ruby/gems/3.1.0/gems/fastlane-2.205.2/fastlane/lib/fastlane/cli_tools_distributor.rb:122:in `take_off&apos;&#10;C:/Ruby31-x64/lib/ruby/gems/3.1.0/gems/fastlane-2.205.2/bin/fastlane:23:in `&lt;top (required)&gt;&apos;&#10;C:/Ruby31-x64/bin/fastlane:25:in `load&apos;&#10;C:/Ruby31-x64/bin/fastlane:25:in `&lt;main&gt;&apos;&#10;&#10;Exit status of command &apos;cd ../ &amp;&amp; rm -r app/build/reports/androidTests/connected/flavors/prod/js&apos; was 1 instead of 0.&#10;rm: cannot lstat `app/build/reports/androidTests/connected/flavors/prod/js&apos;: No such file or directory&#10;" />
        
      </testcase>
    
      
      <testcase classname="fastlane.lanes" name="7: py mail.py --failure --no-attachment" time="3.9484672">
        
      </testcase>
    
      
      <testcase classname="fastlane.lanes" name="8: Switch to android sendGoogleChatBotNoti lane" time="0.0022326">
        
      </testcase>
    
      
      <testcase classname="fastlane.lanes" name="9: google_chat" time="1.800267">
        
      </testcase>
    
  </testsuite>
</testsuites>
